proguard/seeds.txt
com.xpread.AboutUsActivity
com.xpread.AboutUsActivity: AboutUsActivity()
com.xpread.BaseActivity
com.xpread.BaseActivity: BaseActivity()
com.xpread.MainActivity
com.xpread.MainActivity: MainActivity()
com.xpread.MainActivity: void onClick(android.view.View)
com.xpread.QrCodeActivity
com.xpread.QrCodeActivity: QrCodeActivity()
com.xpread.R$attr: int background_color
com.xpread.R$attr: int border_color
com.xpread.R$attr: int border_inside_color
com.xpread.R$attr: int border_outside_color
com.xpread.R$attr: int border_thickness
com.xpread.R$attr: int border_width
com.xpread.R$attr: int image_height
com.xpread.R$attr: int image_offset_x
com.xpread.R$attr: int image_resource
com.xpread.R$attr: int image_width
com.xpread.R$attr: int max
com.xpread.R$attr: int padding_between
com.xpread.R$attr: int roundColor
com.xpread.R$attr: int roundProgressColor
com.xpread.R$attr: int roundWidth
com.xpread.R$attr: int swipeActionLeft
com.xpread.R$attr: int swipeActionRight
com.xpread.R$attr: int swipeAnimationTime
com.xpread.R$attr: int swipeBackView
com.xpread.R$attr: int swipeCloseAllItemsWhenMoveList
com.xpread.R$attr: int swipeDrawableChecked
com.xpread.R$attr: int swipeDrawableUnchecked
com.xpread.R$attr: int swipeFrontView
com.xpread.R$attr: int swipeMode
com.xpread.R$attr: int swipeOffsetLeft
com.xpread.R$attr: int swipeOffsetRight
com.xpread.R$attr: int swipeOpenOnLongPress
com.xpread.R$attr: int text
com.xpread.R$attr: int text_color
com.xpread.R$attr: int text_size
com.xpread.R$attr: int textfont
com.xpread.R$attr: int trackColor
com.xpread.R$color: int background_circle_four_color
com.xpread.R$color: int background_circle_one_color
com.xpread.R$color: int background_circle_three_color
com.xpread.R$color: int background_circle_two_color
com.xpread.R$color: int drawer_bottom_text_color
com.xpread.R$color: int file_not_selected_color
com.xpread.R$color: int file_selected_color
com.xpread.R$color: int guest_track_color_1
com.xpread.R$color: int guest_track_color_2
com.xpread.R$color: int guest_track_color_3
com.xpread.R$color: int guest_track_color_4
com.xpread.R$color: int guest_track_color_5
com.xpread.R$color: int owner_track_color_1
com.xpread.R$color: int owner_track_color_2
com.xpread.R$color: int owner_track_color_3
com.xpread.R$color: int owner_track_color_4
com.xpread.R$color: int owner_track_color_5
com.xpread.R$color: int qrcode_hint_text_color
com.xpread.R$color: int record_file_size
com.xpread.R$color: int record_to_be_sent
com.xpread.R$color: int record_transmission_error
com.xpread.R$color: int round_progressbar_background
com.xpread.R$color: int round_progressbar_connecting
com.xpread.R$color: int round_progressbar_guest
com.xpread.R$color: int round_progressbar_owner
com.xpread.R$color: int text_color_selector
com.xpread.R$color: int title_backgroud
com.xpread.R$color: int title_color_checked
com.xpread.R$color: int title_color_unchecked
com.xpread.R$color: int title_icon_click
...
android.support.v4.print.PrintHelperKitkat$2$1$1
android.support.v4.print.PrintHelperKitkat$2$1$1: android.support.v4.print.PrintHelperKitkat$2$1 this$2
android.support.v4.print.PrintHelperKitkat$2$1$1: PrintHelperKitkat$2$1$1(android.support.v4.print.PrintHelperKitkat$2$1)
android.support.v4.print.PrintHelperKitkat$2$1$1: void onCancel()
android.support.v4.print.PrintHelperKitkat$OnPrintFinishCallback
android.support.v4.print.PrintHelperKitkat$OnPrintFinishCallback: void onFinish()
android.support.v4.provider.DocumentFile
android.support.v4.provider.DocumentFile: java.lang.String TAG
android.support.v4.provider.DocumentFile: android.support.v4.provider.DocumentFile mParent
android.support.v4.provider.DocumentFile: DocumentFile(android.support.v4.provider.DocumentFile)
android.support.v4.provider.DocumentFile: android.support.v4.provider.DocumentFile fromFile(java.io.File)
android.support.v4.provider.DocumentFile: android.support.v4.provider.DocumentFile fromSingleUri(android.content.Context,android.net.Uri)
android.support.v4.provider.DocumentFile: android.support.v4.provider.DocumentFile fromTreeUri(android.content.Context,android.net.Uri)
android.support.v4.provider.DocumentFile: boolean isDocumentUri(android.content.Context,android.net.Uri)
android.support.v4.provider.DocumentFile: android.support.v4.provider.DocumentFile createFile(java.lang.String,java.lang.String)
android.support.v4.provider.DocumentFile: android.support.v4.provider.DocumentFile createDirectory(java.lang.String)
android.support.v4.provider.DocumentFile: android.net.Uri getUri()
android.support.v4.provider.DocumentFile: java.lang.String getName()
android.support.v4.provider.DocumentFile: java.lang.String getType()
android.support.v4.provider.DocumentFile: android.support.v4.provider.DocumentFile getParentFile()
android.support.v4.provider.DocumentFile: boolean isDirectory()
android.support.v4.provider.DocumentFile: boolean isFile()
android.support.v4.provider.DocumentsContractApi19
android.support.v4.provider.DocumentsContractApi19: java.lang.String TAG
android.support.v4.provider.DocumentsContractApi19: DocumentsContractApi19()
android.support.v4.provider.DocumentsContractApi19: boolean isDocumentUri(android.content.Context,android.net.Uri)
android.support.v4.provider.DocumentsContractApi19: java.lang.String getName(android.content.Context,android.net.Uri)
android.support.v4.provider.DocumentsContractApi19: java.lang.String getRawType(android.content.Context,android.net.Uri)
android.support.v4.provider.DocumentsContractApi19: java.lang.String getType(android.content.Context,android.net.Uri)
android.support.v4.provider.DocumentsContractApi19: boolean isDirectory(android.content.Context,android.net.Uri)
android.support.v4.provider.DocumentsContractApi19: boolean isFile(android.content.Context,android.net.Uri)
android.support.v4.provider.DocumentsContractApi19: long lastModified(android.content.Context,android.net.Uri)
android.support.v4.provider.DocumentsContractApi19: long length(android.content.Context,android.net.Uri)
android.support.v4.provider.DocumentsContractApi19: boolean canRead(android.content.Context,android.net.Uri)
android.support.v4.provider.DocumentsContractApi19: boolean canWrite(android.content.Context,android.net.Uri)
android.support.v4.provider.DocumentsContractApi19: boolean delete(android.content.Context,android.net.Uri)