proguard/mapping.txt
com.xpread.AboutUsActivity -> com.xpread.AboutUsActivity:
    android.widget.ListView mAboutListView -> a
    android.widget.ImageView mBackView -> b
    com.xpread.widget.RobotoTextView mVersionName -> c
    void onCreate(android.os.Bundle) -> onCreate
    java.util.ArrayList initListViewData() -> a
    void onResume() -> onResume
    void onPause() -> onPause
    boolean isGooglePlayInstall() -> b
    boolean access$0(com.xpread.AboutUsActivity) -> a
com.xpread.AboutUsActivity$1 -> com.xpread.a:
    com.xpread.AboutUsActivity this$0 -> a
    void onClick(android.view.View) -> onClick
com.xpread.AboutUsActivity$2 -> com.xpread.b:
    com.xpread.AboutUsActivity this$0 -> a
    void onItemClick(android.widget.AdapterView,android.view.View,int,long) -> onItemClick
com.xpread.BaseActivity -> com.xpread.BaseActivity:
    com.xpread.util.HomeWatcher mHomeWatcher -> a
    com.xpread.control.Controller mController -> b
    void onCreate(android.os.Bundle) -> onCreate
    void onResume() -> onResume
    void onPause() -> onPause
    boolean openWifi() -> a
    com.xpread.control.Controller access$0(com.xpread.BaseActivity) -> a
    boolean access$1(com.xpread.BaseActivity) -> b
com.xpread.BaseActivity$1 -> com.xpread.c:
    com.xpread.BaseActivity this$0 -> a
    void onHomePressed() -> a
    void onHomeLongPressed() -> b
com.xpread.MainActivity -> com.xpread.MainActivity:
    com.xpread.control.Controller mController -> A
    com.xpread.widget.RoundImageButton mSendButton -> B
    com.xpread.widget.RoundImageButton mReceiveButton -> C
    com.xpread.widget.RoundImageButton mDisconnectButton -> D
    android.widget.RelativeLayout mUserInfoLayout -> E
    android.widget.RelativeLayout mConnectedUserInfoLayout -> F
    com.xpread.widget.RoundImageView mFaceImage -> a
    android.widget.TextView mUserName -> b
    android.widget.ImageView mUserHistory -> c
    android.widget.PopupWindow mPopupWindow -> d
    java.util.List mPhotos -> e
    int iconId -> f
    android.support.v4.widget.DrawerLayout mDrawerLayout -> g
    android.widget.ImageView mMenu -> h
    android.widget.RelativeLayout mDrawerContent -> i
    android.widget.ListView mDrawerListView -> j
    android.widget.TextView mDrawerBottomText -> k
    android.widget.ImageView mShare -> l
    com.xpread.widget.RoundImageView mOwerIcon -> m
    com.xpread.widget.RoundImageView mGuestIcon -> n
    android.widget.TextView mGuestName -> o
    com.xpread.widget.CircleAnimation mAnimationSend -> p
    android.view.animation.Animation mScaleAnimation -> q
    android.widget.RelativeLayout mContentLayout -> r
    com.xpread.widget.RoundProgressBar mOwnerRoundProgressBar -> G
    com.xpread.widget.RoundProgressBar mGuestRoundProgressBar -> H
    com.xpread.widget.CircleTrackView mOwnerTrackView1 -> I
com.xpread.MainActivity$1 -> com.xpread.d:
    com.xpread.MainActivity this$0 -> a
    void stateChangeListener(int) -> a
com.xpread.MainActivity$10 -> com.xpread.e:
    int selectionStart -> a
    int selectionEnd -> b
    java.lang.CharSequence temp -> c
    int MAX_LEN -> d
    com.xpread.MainActivity this$0 -> e
    android.widget.EditText val$name -> f
    void onTextChanged(java.lang.CharSequence,int,int,int) -> onTextChanged
    void beforeTextChanged(java.lang.CharSequence,int,int,int) -> beforeTextChanged
    void afterTextChanged(android.text.Editable) -> afterTextChanged
com.xpread.MainActivity$11 -> com.xpread.f:
    com.xpread.MainActivity this$0 -> a
    com.xpread.widget.RoundImageView val$userIcon -> b
    void onItemClick(android.widget.AdapterView,android.view.View,int,long) -> onItemClick
com.xpread.MainActivity$12 -> com.xpread.g:
    com.xpread.MainActivity this$0 -> a
    android.widget.EditText val$name -> b
    java.lang.String val$userName -> c
    int val$iconIndex -> d
    void onDismiss() -> onDismiss
com.xpread.MainActivity$13 -> com.xpread.h:
    com.xpread.MainActivity this$0 -> a
    void onClick(android.view.View) -> onClick
...
android.support.v4.app.RemoteInput -> android.support.v4.app.RemoteInput:
    java.lang.String TAG -> TAG
    java.lang.String RESULTS_CLIP_LABEL -> RESULTS_CLIP_LABEL
    java.lang.String EXTRA_RESULTS_DATA -> EXTRA_RESULTS_DATA
    java.lang.String mResultKey -> mResultKey
    java.lang.CharSequence mLabel -> mLabel
    java.lang.CharSequence[] mChoices -> mChoices
    boolean mAllowFreeFormInput -> mAllowFreeFormInput
    android.os.Bundle mExtras -> mExtras
    android.support.v4.app.RemoteInput$Impl IMPL -> IMPL
    android.support.v4.app.RemoteInputCompatBase$RemoteInput$Factory FACTORY -> FACTORY
    java.lang.String getResultKey() -> getResultKey
    java.lang.CharSequence getLabel() -> getLabel
    java.lang.CharSequence[] getChoices() -> getChoices
    boolean getAllowFreeFormInput() -> getAllowFreeFormInput
    android.os.Bundle getExtras() -> getExtras
    android.os.Bundle getResultsFromIntent(android.content.Intent) -> getResultsFromIntent
    void addResultsToIntent(android.support.v4.app.RemoteInput[],android.content.Intent,android.os.Bundle) -> addResultsToIntent
android.support.v4.app.RemoteInput$1 -> android.support.v4.app.RemoteInput$1:
    android.support.v4.app.RemoteInput build(java.lang.String,java.lang.CharSequence,java.lang.CharSequence[],boolean,android.os.Bundle) -> build
    android.support.v4.app.RemoteInput[] newArray(int) -> newArray
    android.support.v4.app.RemoteInputCompatBase$RemoteInput[] newArray(int) -> newArray
    android.support.v4.app.RemoteInputCompatBase$RemoteInput build(java.lang.String,java.lang.CharSequence,java.lang.CharSequence[],boolean,android.os.Bundle) -> build
android.support.v4.app.RemoteInput$Builder -> android.support.v4.app.RemoteInput$Builder:
    java.lang.String mResultKey -> mResultKey
    java.lang.CharSequence mLabel -> mLabel
    java.lang.CharSequence[] mChoices -> mChoices
    boolean mAllowFreeFormInput -> mAllowFreeFormInput
    android.os.Bundle mExtras -> mExtras
    android.support.v4.app.RemoteInput$Builder setLabel(java.lang.CharSequence) -> setLabel
    android.support.v4.app.RemoteInput$Builder setChoices(java.lang.CharSequence[]) -> setChoices
    android.support.v4.app.RemoteInput$Builder setAllowFreeFormInput(boolean) -> setAllowFreeFormInput
    android.support.v4.app.RemoteInput$Builder addExtras(android.os.Bundle) -> addExtras
    android.os.Bundle getExtras() -> getExtras
    android.support.v4.app.RemoteInput build() -> build
android.support.v4.app.RemoteInput$Impl -> android.support.v4.app.RemoteInput$Impl:
    android.os.Bundle getResultsFromIntent(android.content.Intent) -> getResultsFromIntent
    void addResultsToIntent(android.support.v4.app.RemoteInput[],android.content.Intent,android.os.Bundle) -> addResultsToIntent
android.support.v4.app.RemoteInput$ImplApi20 -> android.support.v4.app.RemoteInput$ImplApi20:
    android.os.Bundle getResultsFromIntent(android.content.Intent) -> getResultsFromIntent
    void addResultsToIntent(android.support.v4.app.RemoteInput[],android.content.Intent,android.os.Bundle) -> addResultsToIntent
android.support.v4.app.RemoteInput$ImplBase -> android.support.v4.app.RemoteInput$ImplBase:
    android.os.Bundle getResultsFromIntent(android.content.Intent) -> getResultsFromIntent
    void addResultsToIntent(android.support.v4.app.RemoteInput[],android.content.Intent,android.os.Bundle) -> addResultsToIntent
android.support.v4.app.RemoteInput$ImplJellybean -> android.support.v4.app.RemoteInput$ImplJellybean:
    android.os.Bundle getResultsFromIntent(android.content.Intent) -> getResultsFromIntent
    void addResultsToIntent(android.support.v4.app.RemoteInput[],android.content.Intent,android.os.Bundle) -> addResultsToIntent