proguard/usage.txt
com.xpread.AboutUsActivity:
    private static final java.lang.String TAG
    private static final java.lang.String GOOGLE_PLAY_PACKAGE_NAME
    private static final java.lang.String GOOGLE_PLAY_ACTIVITY_NAME
    private static final java.lang.String GOOGLE_PLAY_URL
com.xpread.BaseActivity:
    private static final java.lang.String TAG
    public static final int WIFI_AP_STATE_DISABLING
    public static final int WIFI_AP_STATE_DISABLED
    public static final int WIFI_AP_STATE_ENABLING
    public static final int WIFI_AP_STATE_ENABLED
    public static final int WIFI_AP_STATE_FAILED
com.xpread.BuildConfig
com.xpread.MainActivity:
    private static final java.lang.String TAG
    private static final float COLUM_NUMBER
    private static final int PROGRESS_MAX
    public static final int WIFI_AP_STATE_DISABLING
    public static final int WIFI_AP_STATE_DISABLED
    public static final int WIFI_AP_STATE_ENABLING
    public static final int WIFI_AP_STATE_ENABLED
    public static final int WIFI_AP_STATE_FAILED
    private static final java.lang.String GOOGLE_PLAY_PACKAGE_NAME
    private static final java.lang.String GOOGLE_PLAY_ACTIVITY_NAME
    private static final int CONNECT_TIMEOUT
    private static final int TRACK_TIME_GAP
    1528:1529:private int dip2px(float)
    1533:1534:public int px2dip(float)
com.xpread.R:
    10:10:public R()
com.xpread.R$attr
com.xpread.R$color
com.xpread.R$dimen
com.xpread.R$drawable
com.xpread.R$id
com.xpread.R$layout
com.xpread.R$string
com.xpread.R$style
com.xpread.R$styleable:
    732:732:public R$styleable()
com.xpread.SearchFriendActivity:
    private static final java.lang.String TAG
    public static final int WIFI_AP_STATE_DISABLING
    public static final int WIFI_AP_STATE_DISABLED
    public static final int WIFI_AP_STATE_ENABLING
    public static final int WIFI_AP_STATE_ENABLED
    public static final int WIFI_AP_STATE_FAILED
    private static final int ANIMATION_START
    private static final int SCAN_TIMEOUT
    private static final int TYPE_WPA
    private static final java.lang.String PASSWORD
    private static final int FRIEND_BUTTON_STATE_HAVE_CLICK
    private static final int FRIEND_BUTTON_STATE_HAVENOT_CLICK
com.xpread.ShareActivity:
    private static final java.lang.String TAG
com.xpread.WaitFriendActivity:
    public static final int WIFI_AP_STATE_DISABLING
    public static final int WIFI_AP_STATE_DISABLED
    public static final int WIFI_AP_STATE_ENABLING
    public static final int WIFI_AP_STATE_ENABLED
    public static final int WIFI_AP_STATE_FAILED
    private static final int AP_ENABLED_MSG
    private static final int AP_ENABLED_FAIL_MSG
    private static final int TIME_OUT
    private static final int ANIMATION_START
com.xpread.control.Controller:
    private static final java.lang.String TAG
    375:380:public void clearTempFiles()
    394:397:public void saveUserInformation(com.xpread.provider.UserInfo)
    605:605:public com.xpread.control.Controller$NetworkStateChangeListener getNetworkStateChangeListener()
    656:656:public void updateTargetInfo()
    693:695:public void setWifiStateBeforeUse(boolean)
    698:699:public void setIsFirstOpen(boolean)
    702:702:public boolean isWifiOpenBeforeUse()
    706:706:public boolean isFirstOpen()
com.xpread.control.ProgressDisplay:
    private static final int PROGRESS_MAX
    private static final int PROGRESS_MAX_GAP
    private static final int REFRESH_PROGRESS
    private static final int REFRESH_TIME_GAP
    230:231:public void removeAllMessage()
com.xpread.control.TotalFileProgress:
    336:336:public com.xpread.control.TotalFileProgress$RefreshInitProgress getRefreshInitProgress()
com.xpread.control.WifiAdmin:
    private static final java.lang.String TAG
    private static final int TYPE_NOPASSWORD
    private static final int TYPE_WEP
    private static final int TYPE_WPA
    54:54:public boolean isWifiOpen()
    202:208:public boolean connectedHotpot(java.lang.String)
...
com.nostra13.universalimageloader.cache.disc.impl.BaseDiscCache:
    public static final int DEFAULT_BUFFER_SIZE
    public static final int DEFAULT_COMPRESS_QUALITY
    private static final java.lang.String ERROR_ARG_NULL
    private static final java.lang.String TEMP_IMAGE_POSTFIX
    61:62:public BaseDiscCache(java.io.File)
    69:70:public BaseDiscCache(java.io.File,java.io.File)
    93:93:public java.io.File getDirectory()
    148:148:public boolean remove(java.lang.String)
    154:154:public void close()
    158:164:public void clear()
    179:180:public void setBufferSize(int)
    183:184:public void setCompressFormat(android.graphics.Bitmap$CompressFormat)
    187:188:public void setCompressQuality(int)
com.nostra13.universalimageloader.cache.disc.impl.LimitedAgeDiscCache
com.nostra13.universalimageloader.cache.disc.impl.UnlimitedDiscCache:
    32:33:public UnlimitedDiscCache(java.io.File)
    40:41:public UnlimitedDiscCache(java.io.File,java.io.File)
com.nostra13.universalimageloader.cache.disc.impl.ext.DiskLruCache:
    static final java.lang.String JOURNAL_FILE
    static final java.lang.String JOURNAL_FILE_TEMP
    static final java.lang.String JOURNAL_FILE_BACKUP
    static final java.lang.String MAGIC
    static final java.lang.String VERSION_1
    static final long ANY_SEQUENCE_NUMBER
    private static final java.lang.String CLEAN
    private static final java.lang.String DIRTY
    private static final java.lang.String REMOVE
    private static final java.lang.String READ
    491:491:public java.io.File getDirectory()
    499:499:public synchronized long getMaxSize()
    504:504:public synchronized int getMaxFileCount()
    512:514:public synchronized void setMaxSize(long)
    522:522:public synchronized long size()
    531:531:public synchronized long fileCount()
    637:637:public synchronized boolean isClosed()
    648:652:public synchronized void flush()
    702:702:private static java.lang.String inputStreamToString(java.io.InputStream)
    87:87:static synthetic com.nostra13.universalimageloader.cache.disc.impl.ext.DiskLruCache$Editor access$1700(com.nostra13.universalimageloader.cache.disc.impl.ext.DiskLruCache,java.lang.String,long)
    87:87:static synthetic java.lang.String access$1800(java.io.InputStream)
com.nostra13.universalimageloader.cache.disc.impl.ext.DiskLruCache$Editor:
    781:793:public java.io.InputStream newInputStream(int)
    801:802:public java.lang.String getString(int)
    840:847:public void set(int,java.lang.String)
    872:878:public void abortUnlessCommitted()
com.nostra13.universalimageloader.cache.disc.impl.ext.DiskLruCache$Snapshot:
    727:727:public com.nostra13.universalimageloader.cache.disc.impl.ext.DiskLruCache$Editor edit()
    737:737:public java.io.InputStream getInputStream(int)
    742:742:public java.lang.String getString(int)
    747:747:public long getLength(int)
com.nostra13.universalimageloader.cache.disc.impl.ext.LruDiscCache:
    public static final int DEFAULT_BUFFER_SIZE
    public static final int DEFAULT_COMPRESS_QUALITY
    private static final java.lang.String ERROR_ARG_NULL
    private static final java.lang.String ERROR_ARG_NEGATIVE
    69:70:public LruDiscCache(java.io.File,com.nostra13.universalimageloader.cache.disc.naming.FileNameGenerator,long)
    126:126:public java.io.File getDirectory()
    192:195:public boolean remove(java.lang.String)
    202:207:public void close()
    212:221:public void clear()
    228:229:public void setBufferSize(int)
    232:233:public void setCompressFormat(android.graphics.Bitmap$CompressFormat)
    236:237:public void setCompressQuality(int)
com.nostra13.universalimageloader.cache.disc.impl.ext.StrictLineReader:
    private static final byte CR
    private static final byte LF
com.nostra13.universalimageloader.cache.disc.impl.ext.Util:
    30:31:private Util()
    35:43:static java.lang.String readFully(java.io.Reader)